Line 0: : عرـــــفلا
Line 1: : ةيريدملا
Line 2: ةماعلا تاناحتملل ةمئادلا ةنجللا / ةيبرتلا ةرازو / قارعلا ةيروهمجينورتكللا رتفدلا عورشم / يملعلا / عرفلا ةيدادعلا ةساردلا صحف زكرم
Line 3: ةيملسلاةيبرعلاةيزيلكنلاءايحلاءايميكلاءايزيفلاتاغللا	تايضايرلاةجيتنلاعومجملا	بـلاـــــــــــــــــــــــطلا مــــــــسا	يناحتملا مقرلا
Line 4: 1: ةحفصلا مقر
Line 5: لباب
Line 6: نينبلل ةروثلا ةيدادعا
Line 7: لسلستلا
Line 8: 2018/2017
Line 9: : ةــــــــسردملا
Line 10: : ةسردملا زمر003
Line 11: يناثلارودلا
Line 12: لدعملا
Line 13: يئايحلا
Line 14: 85	231741003045دواد ديعس مساب يلع595764غ55530 بسار	1  0.00
Extracted name: دواد ديعس مساب يلع
Line 15: 69	231741003061سابع يلع رديح رارك505053555050377 حجان	2  53.86
Extracted name: سابع يلع رديح رارك
Line 16: 93	231841003001حلاص نسح يلع نسحلا ابا817256566174493 حجان	3  70.43
Extracted name: حلاص نسح يلع نسحلا
Line 17: 88	231841003002مساج ركاش يادع ريثا717591807689570 حجان	4  81.43
Extracted name: مساج ركاش يادع ريثا
Line 18: 83	231841003005يجان هزمح دمحا رظتنملا83غغ7274620 بسار	5  0.00
Extracted name: يجان هزمح دمحا رظتنملا
Line 19: 67	231841003006لاثم ناملس مساج ريما5033505050500 بسار	6  0.00
Extracted name: لاثم ناملس مساج ريما
Line 20: غ	231841003007سيبع لماك ملس ريماغغغغغغ0 بسار	7  0.00
Line 21: 80	231841003008ميرك فيطل سابع ريما828183606970525 حجان	8  75.00
Extracted name: ميرك فيطل سابع ريما
Line 22: 92	231841003009نارمع يلع دامع ريما757962806776531 حجان	9  75.86
Extracted name: نارمع يلع دامع ريما
Line 23: 98	231841003011ميرك فيطل ميرك ريما758368775879538 حجان	10  76.86
Extracted name: ميرك فيطل ميرك ريما
Line 24: 85	231841003015يرومع نسح يلع نينسح605066646556446 حجان	11  63.71
Extracted name: يرومع نسح يلع نينسح
Line 25: 72	231841003016يربص يدوحو دلاخ نيسح656350505050400 حجان	12  57.14
Extracted name: يربص يدوحو دلاخ نيسح
Line 26: 90	231841003017نبغ نيسح ءايض نيسح768062غ59500 بسار	13  0.00
Extracted name: نبغ نيسح ءايض نيسح
Line 27: 80	231841003018نوسح همعط ملسم نيسح83غ63غ82720 بسار	14  0.00
Extracted name: نوسح همعط ملسم نيسح
Line 28: 93	231841003019كوزرم يداه ملسم دبع هزمح7037573276570 بسار	15  0.00
Extracted name: كوزرم يداه ملسم دبع
Line 29: 78	231841003023يلع يداه ضاير نيدباعلا نيز729275656460506 حجان	16  72.29
Extracted name: يلع يداه ضاير نيدباعلا
Line 30: غ	231841003024دبع دمحا يلع نيدباعلا نيز5483غغ57510 بسار	17  0.00
Line 31: 68	231841003026سابع مساج نيسح داجس6889572136370 بسار	18  0.00
Extracted name: سابع مساج نيسح داجس
Line 32: 78	231841003027ضايغ شاشك هداسلادبع داجس655061657987485 حجان	19  69.29
Extracted name: ضايغ شاشك هداسلادبع داجس
Line 33: 81	231841003028دومح رابج ميحر ءايض7274غغغ670 بسار	20  0.00
Extracted name: دومح رابج ميحر ءايض
Line 34: 78	231841003029رابج نيسحلادبع قازر سابع806058506768461 حجان	21  65.86
Extracted name: رابج نيسحلادبع قازر سابع
Line 35: 82	231841003030دورطم ناولع دايز سابع5350372650300 بسار	22  0.00
Extracted name: دورطم ناولع دايز سابع
Line 36: 83	231841003033دبع يدهم حلص ادبع74غ82غ59غ0 بسار	23  0.00
Extracted name: دبع يدهم حلص ادبع
Line 37: 96	231841003034ديمح ديعس حابص ءلع8597949610092660 حجان	24  94.29
Extracted name: ديمح ديعس حابص ءلع
Line 38: 85	231841003035هزمح بلاط ميهاربا يلع788283547685543 حجان	25  77.57
Extracted name: هزمح بلاط ميهاربا يلع
Line 39: زكرملا ريدم
Line 40: يكز ليلخ ليعامسا رامع
Line 41: 
Line 42: : عرـــــفلا
Line 43: : ةيريدملا
Line 44: ةماعلا تاناحتملل ةمئادلا ةنجللا / ةيبرتلا ةرازو / قارعلا ةيروهمجينورتكللا رتفدلا عورشم / يملعلا / عرفلا ةيدادعلا ةساردلا صحف زكرم
Line 45: ةيملسلاةيبرعلاةيزيلكنلاءايحلاءايميكلاءايزيفلاتاغللا	تايضايرلاةجيتنلاعومجملا	بـلاـــــــــــــــــــــــطلا مــــــــسا	يناحتملا مقرلا
Line 46: 2: ةحفصلا مقر
Line 47: لباب
Line 48: نينبلل ةروثلا ةيدادعا
Line 49: لسلستلا
Line 50: 2018/2017
Line 51: : ةــــــــسردملا
Line 52: : ةسردملا زمر003
Line 53: يناثلارودلا
Line 54: لدعملا
Line 55: يئايحلا
Line 56: 74	231841003036بيبش يلع دمحا يلع5050رشع5551540 بسار	26  0.00
Extracted name: بيبش يلع دمحا يلع
Line 57: 94	231841003038دينس بحاص دايا يلع918895989999664 حجان	27  94.86
Extracted name: دينس بحاص دايا يلع
Line 58: 79	231841003039نامرف نيسح متاح يلع73غغغغ590 بسار	28  0.00
Extracted name: نامرف نيسح متاح يلع
Line 59: 100	231841003042هدوع مظاكلا دبع سابع يلع929588969799667 حجان	29  95.29
Extracted name: هدوع مظاكلا دبع سابع
Line 60: 88	231841003043نارمع هزمح اضرلا دبع يلع898581678985584 حجان	30  83.43
Extracted name: نارمع هزمح اضرلا دبع
Line 61: 86	231841003045يقوزر سابع مظاك يلع6660503815%500 بسار	31  0.00
Extracted name: يقوزر سابع مظاك يلع
Line 62: 76	231841003046رساي ديبع ميرك يلع555466505483438 حجان	32  62.57
Extracted name: رساي ديبع ميرك يلع
Line 63: 81	231841003047سابع ديجم نسحم يلع516452518065444 حجان	33  63.43
Extracted name: سابع ديجم نسحم يلع
Line 64: غ	231841003048ريضخ دمحا ملسم مظاكغغغغغغ0 بسار	34  0.00
Line 65: غ	231841003050رضخ رفعج رديح راركغ9691غ83780 بسار	35  0.00
Line 66: 61	231841003051كارع بيبح رماث دمحمغغغغغغ0 بسار	36  0.00
Extracted name: كارع بيبح رماث دمحمغغغغغغ
Line 67: 79	231841003052فسوي نسحم داوج دمحم6751623250500 بسار	37  0.00
Extracted name: فسوي نسحم داوج دمحم
Line 68: 79	231841003053مساج حابص هزمح دمحم738065636861489 حجان	38  69.86
Extracted name: مساج حابص هزمح دمحم
Line 69: 69	231841003054دمحم قلاخلادبع رديح دمحم71غغغغغ0 بسار	39  0.00
Extracted name: دمحم قلاخلادبع رديح دمحم
Line 70: 82	231841003055ناديع يلع حلص دمحم6877غ5773غ0 بسار	40  0.00
Extracted name: ناديع يلع حلص دمحم
Line 71: 80	231841003056نابكر لوشنش رماع دمحم68غ503657530 بسار	41  0.00
Extracted name: نابكر لوشنش رماع دمحم
Line 72: 83	231841003057دمحم مساج سابع دمحم889874868680595 حجان	42  85.00
Extracted name: دمحم مساج سابع دمحم
Line 73: 94	231841003058باهش دمحم يلع دمحم715880505550458 حجان	43  65.43
Extracted name: باهش دمحم يلع دمحم
Line 74: 67	231841003059هيطع دبع دمحم يلع دمحم826985508172506 حجان	44  72.29
Extracted name: هيطع دبع دمحم يلع
Line 75: 87	231841003060للص يرخف مساق دمحم78غ52غ50590 بسار	45  0.00
Extracted name: للص يرخف مساق دمحم
Line 76: 91	231841003062دوبع ديبع مثيه دمحم59805050غ620 بسار	46  0.00
Extracted name: دوبع ديبع مثيه دمحم
Line 77: 95	231841003063صيخر مظاك دعسا ىضترم8788غغغ850 بسار	47  0.00
Extracted name: صيخر مظاك دعسا ىضترم
Line 78: 70	231841003065دمحم مساج دمحا ىفطصم6460522950500 بسار	48  0.00
Extracted name: دمحم مساج دمحا ىفطصم
Line 79: 76	231841003066دبع يلع ديؤم ىفطصم5966غ14%30390 بسار	49  0.00
Extracted name: دبع يلع ديؤم ىفطصم
Line 80: 95	231841003067لضاف ربج دمحم ىفطصم815082578267514 حجان	50  73.43
Extracted name: لضاف ربج دمحم ىفطصم
Line 81: زكرملا ريدم
Line 82: يكز ليلخ ليعامسا رامع
Line 83: 
Line 84: : عرـــــفلا
Line 85: : ةيريدملا
Line 86: ةماعلا تاناحتملل ةمئادلا ةنجللا / ةيبرتلا ةرازو / قارعلا ةيروهمجينورتكللا رتفدلا عورشم / يملعلا / عرفلا ةيدادعلا ةساردلا صحف زكرم
Line 87: ةيملسلاةيبرعلاةيزيلكنلاءايحلاءايميكلاءايزيفلاتاغللا	تايضايرلاةجيتنلاعومجملا	بـلاـــــــــــــــــــــــطلا مــــــــسا	يناحتملا مقرلا
Line 88: 3: ةحفصلا مقر
Line 89: لباب
Line 90: نينبلل ةروثلا ةيدادعا
Line 91: لسلستلا
Line 92: 2018/2017
Line 93: : ةــــــــسردملا
Line 94: : ةسردملا زمر003
Line 95: يناثلارودلا
Line 96: لدعملا
Line 97: يئايحلا
Line 98: 72	231841003068سيعدا مساج لداع مامه4162293950530 بسار	51  0.00
Extracted name: سيعدا مساج لداع مامه
Line 99: نوكراشملا
Line 100: 51 
Line 101: نوحجانلانوبسارلاحاجنلا ةبسن
Line 102: 28 23 % 45.10
Line 103:  100.00
Line 104: نونحتمملا
Line 105: نوحجانلا
Line 106: حاجنلا ةبسن
Line 107: 2 
Line 108: 2 
Line 109:  66.67
Line 110: 3 
Line 111: 2 
Line 112: 9  929 11 16 0 
Line 113: 7 6 20 8 13 0 
Line 114:  77.78 66.67 68.97 72.73 81.25 0.00
Line 115: زكرملا ريدم
Line 116: يكز ليلخ ليعامسا رامع